TN:
SF:src\app.ts
FN:33,(anonymous_1)
FN:41,(anonymous_2)
FNF:2
FNH:1
FNDA:2,(anonymous_1)
FNDA:0,(anonymous_2)
DA:1,3
DA:2,3
DA:3,3
DA:4,3
DA:8,3
DA:9,3
DA:10,3
DA:11,3
DA:13,3
DA:15,3
DA:16,3
DA:23,3
DA:24,3
DA:27,3
DA:28,3
DA:29,3
DA:33,3
DA:34,2
DA:41,3
DA:42,0
DA:44,0
DA:50,3
LF:22
LH:20
BRDA:46,0,0,0
BRDA:46,0,1,0
BRF:2
BRH:0
end_of_record
TN:
SF:src\config\database.ts
FN:8,(anonymous_1)
FN:19,(anonymous_2)
FN:29,(anonymous_3)
FN:33,(anonymous_4)
FN:37,(anonymous_5)
FN:42,(anonymous_6)
FNF:6
FNH:4
FNDA:3,(anonymous_1)
FNDA:3,(anonymous_2)
FNDA:3,(anonymous_3)
FNDA:0,(anonymous_4)
FNDA:3,(anonymous_5)
FNDA:0,(anonymous_6)
DA:1,3
DA:2,3
DA:4,3
DA:6,3
DA:8,3
DA:9,3
DA:10,3
DA:11,3
DA:12,3
DA:14,0
DA:15,0
DA:19,3
DA:20,3
DA:21,3
DA:22,3
DA:24,0
DA:29,3
DA:30,3
DA:33,3
DA:34,0
DA:37,3
DA:38,3
DA:42,3
DA:43,0
DA:44,0
LF:25
LH:19
BRDA:6,0,0,3
BRDA:6,0,1,0
BRF:2
BRH:1
end_of_record
TN:
SF:src\controllers\authController.ts
FN:24,(anonymous_1)
FN:99,(anonymous_2)
FNF:2
FNH:1
FNDA:16,(anonymous_1)
FNDA:0,(anonymous_2)
DA:2,3
DA:3,3
DA:4,3
DA:6,3
DA:8,3
DA:11,3
DA:12,3
DA:14,3
DA:15,0
DA:24,3
DA:25,16
DA:33,16
DA:36,16
DA:37,16
DA:38,0
DA:42,0
DA:46,16
DA:48,16
DA:56,16
DA:59,16
DA:69,16
DA:85,0
DA:86,0
DA:99,3
DA:100,0
DA:101,0
DA:104,0
DA:106,0
DA:107,0
DA:111,0
DA:115,0
DA:116,0
DA:117,0
DA:121,0
DA:125,0
DA:131,0
DA:147,0
DA:148,0
LF:38
LH:19
BRDA:11,0,0,3
BRDA:11,0,1,0
BRDA:12,1,0,3
BRDA:12,1,1,0
BRDA:14,2,0,0
BRDA:14,2,1,3
BRDA:32,3,0,5
BRDA:37,4,0,0
BRDA:37,4,1,16
BRDA:106,5,0,0
BRDA:106,5,1,0
BRDA:116,6,0,0
BRDA:116,6,1,0
BRF:13
BRH:5
end_of_record
TN:
SF:src\controllers\bookingController.ts
FN:12,(anonymous_1)
FN:97,(anonymous_2)
FN:134,(anonymous_3)
FN:164,(anonymous_4)
FN:222,(anonymous_5)
FNF:5
FNH:2
FNDA:6,(anonymous_1)
FNDA:0,(anonymous_2)
FNDA:0,(anonymous_3)
FNDA:1,(anonymous_4)
FNDA:0,(anonymous_5)
DA:2,3
DA:4,3
DA:12,3
DA:13,6
DA:15,6
DA:16,6
DA:19,6
DA:20,0
DA:27,6
DA:28,6
DA:29,0
DA:36,6
DA:37,0
DA:44,6
DA:50,6
DA:51,1
DA:58,5
DA:59,1
DA:66,4
DA:73,4
DA:74,4
DA:80,4
DA:81,4
DA:82,4
DA:85,4
DA:91,0
DA:93,0
DA:95,0
DA:96,0
DA:97,0
DA:99,0
DA:106,0
DA:107,0
DA:113,0
DA:114,0
DA:121,0
DA:126,4
DA:134,3
DA:135,0
DA:136,0
DA:137,0
DA:140,0
DA:144,0
DA:151,0
DA:152,0
DA:164,3
DA:165,1
DA:167,1
DA:168,1
DA:171,1
DA:172,0
DA:179,1
DA:185,1
DA:186,0
DA:193,1
DA:194,1
DA:197,1
DA:202,1
DA:208,0
DA:209,0
DA:214,1
DA:222,3
DA:223,0
DA:224,0
DA:225,0
DA:226,0
DA:227,0
DA:230,0
DA:231,0
DA:238,0
DA:239,0
DA:240,0
DA:244,0
DA:248,0
DA:249,0
DA:255,0
DA:262,0
DA:263,0
DA:268,0
LF:79
LH:37
BRDA:19,0,0,0
BRDA:19,0,1,6
BRDA:28,1,0,0
BRDA:28,1,1,6
BRDA:36,2,0,0
BRDA:36,2,1,6
BRDA:50,3,0,1
BRDA:50,3,1,5
BRDA:58,4,0,1
BRDA:58,4,1,4
BRDA:81,5,0,4
BRDA:81,5,1,0
BRDA:81,6,0,4
BRDA:81,6,1,4
BRDA:81,6,2,4
BRDA:91,7,0,0
BRDA:91,7,1,0
BRDA:95,8,0,0
BRDA:95,8,1,0
BRDA:95,9,0,0
BRDA:95,9,1,0
BRDA:106,10,0,0
BRDA:106,10,1,0
BRDA:113,11,0,0
BRDA:113,11,1,0
BRDA:171,12,0,0
BRDA:171,12,1,1
BRDA:185,13,0,0
BRDA:185,13,1,1
BRDA:230,14,0,0
BRDA:230,14,1,0
BRDA:239,15,0,0
BRDA:239,15,1,0
BRDA:248,16,0,0
BRDA:248,16,1,0
BRF:35
BRH:13
end_of_record
TN:
SF:src\controllers\eventController.ts
FN:13,(anonymous_1)
FN:42,(anonymous_2)
FN:86,(anonymous_3)
FN:110,(anonymous_4)
FN:132,(anonymous_5)
FN:185,(anonymous_6)
FN:208,(anonymous_7)
FN:250,(anonymous_8)
FNF:8
FNH:7
FNDA:1,(anonymous_1)
FNDA:1,(anonymous_2)
FNDA:9,(anonymous_3)
FNDA:1,(anonymous_4)
FNDA:1,(anonymous_5)
FNDA:0,(anonymous_6)
FNDA:1,(anonymous_7)
FNDA:1,(anonymous_8)
DA:2,3
DA:4,3
DA:5,3
DA:13,3
DA:14,1
DA:16,1
DA:22,1
DA:29,0
DA:30,0
DA:42,3
DA:43,1
DA:44,1
DA:47,1
DA:48,0
DA:55,1
DA:58,1
DA:59,1
DA:65,0
DA:72,0
DA:73,0
DA:78,0
DA:86,3
DA:87,9
DA:88,9
DA:90,9
DA:91,8
DA:93,8
DA:100,1
DA:103,1
DA:109,1
DA:110,1
DA:112,1
DA:117,1
DA:120,0
DA:132,3
DA:133,1
DA:134,1
DA:135,1
DA:138,1
DA:139,0
DA:146,1
DA:162,1
DA:163,0
DA:169,1
DA:176,0
DA:178,0
DA:184,0
DA:185,0
DA:187,0
DA:192,0
DA:195,0
DA:200,1
DA:208,3
DA:209,1
DA:210,1
DA:213,1
DA:214,0
DA:221,1
DA:223,1
DA:224,0
DA:230,1
DA:236,0
DA:237,0
DA:242,1
DA:250,3
DA:251,1
DA:252,1
DA:255,1
DA:256,0
DA:263,1
DA:271,1
DA:278,0
DA:279,0
DA:284,1
LF:74
LH:50
BRDA:47,0,0,0
BRDA:47,0,1,1
BRDA:58,1,0,1
BRDA:58,1,1,0
BRDA:103,2,0,1
BRDA:103,2,1,0
BRDA:104,3,0,1
BRDA:104,3,1,1
BRDA:104,3,2,1
BRDA:104,3,3,1
BRDA:138,4,0,0
BRDA:138,4,1,1
BRDA:162,5,0,0
BRDA:162,5,1,1
BRDA:178,6,0,0
BRDA:178,6,1,0
BRDA:179,7,0,0
BRDA:179,7,1,0
BRDA:179,7,2,0
BRDA:179,7,3,0
BRDA:213,8,0,0
BRDA:213,8,1,1
BRDA:223,9,0,0
BRDA:223,9,1,1
BRDA:255,10,0,0
BRDA:255,10,1,1
BRF:26
BRH:12
end_of_record
TN:
SF:src\middleware\auth.ts
FN:21,(anonymous_1)
FN:69,(anonymous_2)
FN:70,(anonymous_3)
FNF:3
FNH:3
FNDA:24,(anonymous_1)
FNDA:24,(anonymous_2)
FNDA:21,(anonymous_3)
DA:2,3
DA:3,3
DA:21,3
DA:27,24
DA:28,24
DA:30,24
DA:31,1
DA:32,1
DA:35,23
DA:36,23
DA:37,0
DA:38,0
DA:41,23
DA:43,23
DA:44,21
DA:46,21
DA:47,0
DA:48,0
DA:52,21
DA:58,21
DA:60,2
DA:69,3
DA:70,24
DA:72,21
DA:73,0
DA:74,0
DA:76,21
LF:27
LH:21
BRDA:28,0,0,23
BRDA:28,0,1,1
BRDA:30,1,0,1
BRDA:30,1,1,23
BRDA:36,2,0,0
BRDA:36,2,1,23
BRDA:46,3,0,0
BRDA:46,3,1,21
BRDA:72,4,0,0
BRDA:72,4,1,21
BRDA:72,5,0,21
BRDA:72,5,1,21
BRF:12
BRH:9
end_of_record
TN:
SF:src\middleware\validation.ts
FN:10,(anonymous_0)
FN:73,(anonymous_1)
FNF:2
FNH:2
FNDA:33,(anonymous_0)
FNDA:8,(anonymous_1)
DA:1,3
DA:10,3
DA:15,33
DA:16,33
DA:17,1
DA:23,32
DA:29,3
DA:41,3
DA:50,3
DA:63,3
DA:71,3
DA:74,8
DA:75,8
DA:76,2
DA:83,6
DA:84,6
LF:16
LH:16
BRDA:16,0,0,1
BRDA:16,0,1,32
BRDA:75,1,0,2
BRDA:75,1,1,6
BRF:4
BRH:4
end_of_record
TN:
SF:src\model\Booking.ts
FN:60,(anonymous_9)
FN:96,(anonymous_10)
FN:108,(anonymous_11)
FNF:3
FNH:2
FNDA:5,(anonymous_9)
FNDA:5,(anonymous_10)
FNDA:0,(anonymous_11)
DA:1,3
DA:18,3
DA:44,3
DA:50,3
DA:51,3
DA:52,3
DA:53,3
DA:60,3
DA:61,5
DA:63,4
DA:70,4
DA:71,0
DA:72,0
DA:76,4
DA:77,4
DA:79,4
DA:80,0
DA:81,0
DA:84,4
DA:85,0
DA:86,0
DA:90,5
DA:96,3
DA:97,5
DA:98,4
DA:108,3
DA:109,0
DA:110,0
DA:117,3
LF:29
LH:21
BRDA:61,0,0,4
BRDA:61,0,1,1
BRDA:61,1,0,5
BRDA:61,1,1,4
BRDA:70,2,0,0
BRDA:70,2,1,4
BRDA:79,3,0,0
BRDA:79,3,1,4
BRDA:84,4,0,0
BRDA:84,4,1,4
BRDA:97,5,0,4
BRDA:97,5,1,1
BRDA:109,6,0,0
BRDA:109,6,1,0
BRDA:109,7,0,0
BRDA:109,7,1,0
BRF:16
BRH:9
end_of_record
TN:
SF:src\model\Event.ts
FN:39,(anonymous_9)
FN:61,(anonymous_10)
FN:89,(anonymous_11)
FNF:3
FNH:3
FNDA:10,(anonymous_9)
FNDA:9,(anonymous_10)
FNDA:50,(anonymous_11)
DA:1,3
DA:22,3
DA:40,10
DA:62,9
DA:82,3
DA:83,3
DA:84,3
DA:89,3
DA:90,50
DA:94,3
DA:96,3
LF:11
LH:11
BRF:0
BRH:0
end_of_record
TN:
SF:src\model\User.ts
FNF:0
FNH:0
DA:1,3
DA:20,3
DA:57,3
LF:3
LH:3
BRF:0
BRH:0
end_of_record
TN:
SF:src\model\index.ts
FN:2,(anonymous_1)
FN:3,(anonymous_2)
FN:4,(anonymous_3)
FNF:3
FNH:3
FNDA:53,(anonymous_1)
FNDA:20,(anonymous_2)
FNDA:12,(anonymous_3)
DA:2,56
DA:3,23
DA:4,15
LF:3
LH:3
BRF:0
BRH:0
end_of_record
TN:
SF:src\routes\authRoutes.ts
FNF:0
FNH:0
DA:1,3
DA:2,3
DA:3,3
DA:5,3
DA:12,3
DA:19,3
DA:21,3
LF:7
LH:7
BRF:0
BRH:0
end_of_record
TN:
SF:src\routes\bookingRoutes.ts
FNF:0
FNH:0
DA:1,3
DA:2,3
DA:9,3
DA:10,3
DA:12,3
DA:19,3
DA:32,3
DA:44,3
DA:57,3
DA:65,3
LF:10
LH:10
BRF:0
BRH:0
end_of_record
TN:
SF:src\routes\eventsRoutes.ts
FNF:0
FNH:0
DA:1,3
DA:2,3
DA:10,3
DA:11,3
DA:13,3
DA:15,3
DA:18,3
DA:20,3
DA:29,3
DA:39,3
DA:48,3
DA:56,3
LF:12
LH:12
BRF:0
BRH:0
end_of_record
